#
# There is insufficient memory for the Java Runtime Environment to continue.
# Native memory allocation (mmap) failed to map 268435456 bytes for G1 virtual space
# Possible reasons:
#   The system is out of physical RAM or swap space
#   The process is running with CompressedOops enabled, and the Java Heap may be blocking the growth of the native heap
# Possible solutions:
#   Reduce memory load on the system
#   Increase physical memory or swap space
#   Check if swap backing store is full
#   Decrease Java heap size (-Xmx/-Xms)
#   Decrease number of Java threads
#   Decrease Java thread stack sizes (-Xss)
#   Set larger code cache with -XX:ReservedCodeCacheSize=
#   JVM is running with Unscaled Compressed Oops mode in which the Java heap is
#     placed in the first 4GB address space. The Java Heap base address is the
#     maximum limit for the native heap growth. Please use -XX:HeapBaseMinAddress
#     to set the Java Heap base and to place the Java Heap above 4GB virtual address.
# This output file may be truncated or incomplete.
#
#  Out of Memory Error (os_windows.cpp:3550), pid=12156, tid=21244
#
# JRE version:  (17.0.7+8) (build )
# Java VM: Java HotSpot(TM) 64-Bit Server VM (17.0.7+8-LTS-224, mixed mode, sharing, tiered, compressed oops, compressed class ptrs, g1 gc, windows-amd64)
# No core dump will be written. Minidumps are not enabled by default on client versions of Windows
#

---------------  S U M M A R Y ------------

Command Line: -Xms256m -Xmx512m -Dclassworlds.conf=C:\Program Files\Apache Maven\apache-maven-3.9.6\bin\m2.conf -Dmaven.home=C:\Program Files\Apache Maven\apache-maven-3.9.6 -Dlibrary.jansi.path=C:\Program Files\Apache Maven\apache-maven-3.9.6\lib\jansi-native -Dmaven.multiModuleProjectDirectory=C:\Users\91799\OneDrive\Desktop\Vaishnavi\Spring\crud org.codehaus.plexus.classworlds.launcher.Launcher spring-boot:run

Host: 11th Gen Intel(R) Core(TM) i3-1115G4 @ 3.00GHz, 4 cores, 7G,  Windows 11 , 64 bit Build 22000 (10.0.22000.1880)
Time: Fri Mar 22 19:04:42 2024 India Standard Time elapsed time: 0.010113 seconds (0d 0h 0m 0s)

---------------  T H R E A D  ---------------

Current thread (0x000001b47dfa1140):  JavaThread "Unknown thread" [_thread_in_vm, id=21244, stack(0x000000aef2400000,0x000000aef2500000)]

Stack: [0x000000aef2400000,0x000000aef2500000]
Native frames: (J=compiled Java code, j=interpreted, Vv=VM code, C=native code)
V  [jvm.dll+0x676a4a]
V  [jvm.dll+0x7d74f4]
V  [jvm.dll+0x7d8c9e]
V  [jvm.dll+0x7d9303]
V  [jvm.dll+0x2452c5]
V  [jvm.dll+0x6738f9]
V  [jvm.dll+0x668232]
V  [jvm.dll+0x302826]
V  [jvm.dll+0x309da6]
V  [jvm.dll+0x35952e]
V  [jvm.dll+0x35975f]
V  [jvm.dll+0x2d9a38]
V  [jvm.dll+0x2da9a4]
V  [jvm.dll+0x7a8fb1]
V  [jvm.dll+0x3670e1]
V  [jvm.dll+0x788359]
V  [jvm.dll+0x3ea5ef]
V  [jvm.dll+0x3ec071]
C  [jli.dll+0x5297]
C  [ucrtbase.dll+0x26c0c]
C  [KERNEL32.DLL+0x155a0]
C  [ntdll.dll+0x485b]


---------------  P R O C E S S  ---------------

Threads class SMR info:
_java_thread_list=0x00007ffeebd14998, length=0, elements={
}

Java Threads: ( => current thread )

Other Threads:
  0x000001b47dfcf5b0 GCTaskThread "GC Thread#0" [stack: 0x000000aef2500000,0x000000aef2600000] [id=5960]
  0x000001b47dfd5500 ConcurrentGCThread "G1 Main Marker" [stack: 0x000000aef2600000,0x000000aef2700000] [id=1692]
  0x000001b47dfd7f30 ConcurrentGCThread "G1 Conc#0" [stack: 0x000000aef2700000,0x000000aef2800000] [id=20356]

[error occurred during error reporting (printing all threads), id 0xc0000005, EXCEPTION_ACCESS_VIOLATION (0xc0000005) at pc=0x00007ffeeb54a697]

VM state: not at safepoint (not fully initialized)

VM Mutex/Monitor currently owned by a thread:  ([mutex/lock_event])
[0x000001b47df9bef0] Heap_lock - owner thread: 0x000001b47dfa1140

Heap address: 0x00000000e0000000, size: 512 MB, Compressed Oops mode: 32-bit

CDS archive(s) mapped at: [0x0000000000000000-0x0000000000000000-0x0000000000000000), size 0, SharedBaseAddress: 0x0000000800000000, ArchiveRelocationMode: 0.
Narrow klass base: 0x0000000000000000, Narrow klass shift: 0, Narrow klass range: 0x0

GC Precious Log:
<Empty>

Heap:
 garbage-first heap   total 0K, used 0K [0x00000000e0000000, 0x0000000100000000)
  region size 1024K, 0 young (0K), 0 survivors (0K)

[error occurred during error reporting (printing heap information), id 0xc0000005, EXCEPTION_ACCESS_VIOLATION (0xc0000005) at pc=0x00007ffeeb9300b9]

GC Heap History (0 events):
No events

Deoptimization events (0 events):
No events

Classes unloaded (0 events):
No events

Classes redefined (0 events):
No events

Internal exceptions (0 events):
No events

VM Operations (0 events):
No events

Events (1 events):
Event: 0.004 Loaded shared library C:\Program Files\Java\jdk-17\bin\java.dll


Dynamic libraries:
0x00007ff7319c0000 - 0x00007ff7319d0000 	C:\Program Files\Java\jdk-17\bin\java.exe
0x00007fff8a540000 - 0x00007fff8a749000 	C:\Windows\SYSTEM32\ntdll.dll
0x00007fff89190000 - 0x00007fff8924e000 	C:\Windows\System32\KERNEL32.DLL
0x00007fff87cf0000 - 0x00007fff88074000 	C:\Windows\System32\KERNELBASE.dll
0x00007fff88140000 - 0x00007fff88251000 	C:\Windows\System32\ucrtbase.dll
0x00007fff6f090000 - 0x00007fff6f0a9000 	C:\Program Files\Java\jdk-17\bin\jli.dll
0x00007fff89050000 - 0x00007fff890ff000 	C:\Windows\System32\ADVAPI32.dll
0x00007fff88e40000 - 0x00007fff88ee3000 	C:\Windows\System32\msvcrt.dll
0x00007fff88b80000 - 0x00007fff88c1e000 	C:\Windows\System32\sechost.dll
0x00007fff884e0000 - 0x00007fff88601000 	C:\Windows\System32\RPCRT4.dll
0x00007fff6f070000 - 0x00007fff6f08b000 	C:\Program Files\Java\jdk-17\bin\VCRUNTIME140.dll
0x00007fff89250000 - 0x00007fff893fd000 	C:\Windows\System32\USER32.dll
0x00007fff88260000 - 0x00007fff88286000 	C:\Windows\System32\win32u.dll
0x00007fff8a4c0000 - 0x00007fff8a4ea000 	C:\Windows\System32\GDI32.dll
0x00007fff88290000 - 0x00007fff883af000 	C:\Windows\System32\gdi32full.dll
0x00007fff87be0000 - 0x00007fff87c7d000 	C:\Windows\System32\msvcp_win.dll
0x00007fff70110000 - 0x00007fff703b5000 	C:\Windows\WinSxS\amd64_microsoft.windows.common-controls_6595b64144ccf1df_6.0.22000.120_none_9d947278b86cc467\COMCTL32.dll
0x00007fff75780000 - 0x00007fff7578a000 	C:\Windows\SYSTEM32\VERSION.dll
0x00007fff884a0000 - 0x00007fff884d1000 	C:\Windows\System32\IMM32.DLL
0x00007fff6f7a0000 - 0x00007fff6f7ac000 	C:\Program Files\Java\jdk-17\bin\vcruntime140_1.dll
0x00007fff3e430000 - 0x00007fff3e4be000 	C:\Program Files\Java\jdk-17\bin\msvcp140.dll
0x00007ffeeb260000 - 0x00007ffeebe3d000 	C:\Program Files\Java\jdk-17\bin\server\jvm.dll
0x00007fff88990000 - 0x00007fff88998000 	C:\Windows\System32\PSAPI.DLL
0x00007fff678f0000 - 0x00007fff678f9000 	C:\Windows\SYSTEM32\WSOCK32.dll
0x00007fff766c0000 - 0x00007fff766f3000 	C:\Windows\SYSTEM32\WINMM.dll
0x00007fff88ef0000 - 0x00007fff88f5f000 	C:\Windows\System32\WS2_32.dll
0x00007fff86b60000 - 0x00007fff86b78000 	C:\Windows\SYSTEM32\kernel.appcore.dll
0x00007fff6f610000 - 0x00007fff6f61a000 	C:\Program Files\Java\jdk-17\bin\jimage.dll
0x00007fff84b70000 - 0x00007fff84d91000 	C:\Windows\SYSTEM32\DBGHELP.DLL
0x00007fff694e0000 - 0x00007fff69511000 	C:\Windows\SYSTEM32\dbgcore.DLL
0x00007fff879f0000 - 0x00007fff87a6f000 	C:\Windows\System32\bcryptPrimitives.dll
0x00007fff6eff0000 - 0x00007fff6f015000 	C:\Program Files\Java\jdk-17\bin\java.dll

dbghelp: loaded successfully - version: 4.0.5 - missing functions: none
symbol engine: initialized successfully - sym options: 0x614 - pdb path: .;C:\Program Files\Java\jdk-17\bin;C:\Windows\SYSTEM32;C:\Windows\WinSxS\amd64_microsoft.windows.common-controls_6595b64144ccf1df_6.0.22000.120_none_9d947278b86cc467;C:\Program Files\Java\jdk-17\bin\server

VM Arguments:
jvm_args: -Xms256m -Xmx512m -Dclassworlds.conf=C:\Program Files\Apache Maven\apache-maven-3.9.6\bin\m2.conf -Dmaven.home=C:\Program Files\Apache Maven\apache-maven-3.9.6 -Dlibrary.jansi.path=C:\Program Files\Apache Maven\apache-maven-3.9.6\lib\jansi-native -Dmaven.multiModuleProjectDirectory=C:\Users\91799\OneDrive\Desktop\Vaishnavi\Spring\crud 
java_command: org.codehaus.plexus.classworlds.launcher.Launcher spring-boot:run
java_class_path (initial): C:\Program Files\Apache Maven\apache-maven-3.9.6\boot\plexus-classworlds-2.7.0.jar
Launcher Type: SUN_STANDARD

[Global flags]
     intx CICompilerCount                          = 3                                         {product} {ergonomic}
     uint ConcGCThreads                            = 1                                         {product} {ergonomic}
     uint G1ConcRefinementThreads                  = 4                                         {product} {ergonomic}
   size_t G1HeapRegionSize                         = 1048576                                   {product} {ergonomic}
    uintx GCDrainStackTargetSize                   = 64                                        {product} {ergonomic}
   size_t InitialHeapSize                          = 268435456                                 {product} {command line}
   size_t MarkStackSize                            = 4194304                                   {product} {ergonomic}
   size_t MaxHeapSize                              = 536870912                                 {product} {command line}
   size_t MinHeapDeltaBytes                        = 1048576                                   {product} {ergonomic}
   size_t MinHeapSize                              = 268435456                                 {product} {command line}
    uintx NonNMethodCodeHeapSize                   = 5832780                                {pd product} {ergonomic}
    uintx NonProfiledCodeHeapSize                  = 122912730                              {pd product} {ergonomic}
    uintx ProfiledCodeHeapSize                     = 122912730                              {pd product} {ergonomic}
    uintx ReservedCodeCacheSize                    = 251658240                              {pd product} {ergonomic}
     bool SegmentedCodeCache                       = true                                      {product} {ergonomic}
   size_t SoftMaxHeapSize                          = 536870912                              {manageable} {ergonomic}
     bool UseCompressedClassPointers               = true                           {product lp64_product} {ergonomic}
     bool UseCompressedOops                        = true                           {product lp64_product} {ergonomic}
     bool UseG1GC                                  = true                                      {product} {ergonomic}
     bool UseLargePagesIndividualAllocation        = false                                  {pd product} {ergonomic}

Logging:
Log output configuration:
 #0: stdout all=warning uptime,level,tags
 #1: stderr all=off uptime,level,tags

Environment Variables:
JAVA_HOME=C:\Program Files\Java\jdk-17
CLASSPATH=C:\mysql-connector-j-8.0.31.jar;
PATH=C:\oraclexe\app\oracle\product\11.2.0\server\bin;C:\Program Files\Common Files\Oracle\Java\javapath;C:\app\91799\product\21c\dbhomeXE\bin;C:\Windows\system32;C:\Windows;C:\Windows\System32\Wbem;C:\Windows\System32\WindowsPowerShell\v1.0\;C:\Windows\System32\OpenSSH\;C:\MinGW\bin;C:\Program Files\PowerShell\7\;C:\Users\91799\OneDrive\Desktop\python;C:\Program Files\nodejs\;C:\Program Files\Java\jdk-17\bin;C:\Program Files\Git\cmd;C:\Program Files\MongoDB\Server\7.0\bin;C:\mongosh\mongosh-1.10.5-win32-x64\bin;C:\Program Files\Apache Maven\apache-maven-3.9.6\bin;C:\Program Files\MySQL\MySQL Shell 8.0\bin\;C:\Users\91799\AppData\Local\Programs\Python\Python310\Scripts\;C:\Users\91799\AppData\Local\Programs\Python\Python310\;C:\Users\91799\AppData\Local\Microsoft\WindowsApps;C:\Users\91799\AppData\Local\Programs\Microsoft VS Code\bin;C:\MinGW\bin;C:\Users\91799\AppData\Local\GitHubDesktop\bin;C:\Users\91799\AppData\Roaming\npm;C:\Program Files\Java\jdk-17\bin;;C:\Program Files\JetBrains\IntelliJ IDEA Community Edition 2023.2\bin;;C:\Program Files\sf\bin
USERNAME=91799
OS=Windows_NT
PROCESSOR_IDENTIFIER=Intel64 Family 6 Model 140 Stepping 1, GenuineIntel



---------------  S Y S T E M  ---------------

OS:
 Windows 11 , 64 bit Build 22000 (10.0.22000.1880)
OS uptime: 1 days 21:03 hours
Hyper-V role detected

CPU: total 4 (initial active 4) (2 cores per cpu, 2 threads per core) family 6 model 140 stepping 1 microcode 0x8a, cx8, cmov, fxsr, ht, mmx, 3dnowpref, sse, sse2, sse3, ssse3, sse4.1, sse4.2, popcnt, lzcnt, tsc, tscinvbit, avx, avx2, aes, erms, clmul, bmi1, bmi2, adx, avx512f, avx512dq, avx512cd, avx512bw, avx512vl, sha, fma, vzeroupper, avx512_vpopcntdq, avx512_vpclmulqdq, avx512_vaes, avx512_vnni, clflush, clflushopt, clwb, avx512_vbmi2, avx512_vbmi, hv

Memory: 4k page, system-wide physical 7971M (724M free)
TotalPageFile size 18211M (AvailPageFile size 83M)
current process WorkingSet (physical memory assigned to process): 10M, peak: 10M
current process commit charge ("private bytes"): 51M, peak: 307M

vm_info: Java HotSpot(TM) 64-Bit Server VM (17.0.7+8-LTS-224) for windows-amd64 JRE (17.0.7+8-LTS-224), built on Feb 28 2023 23:03:02 by "mach5one" with MS VC++ 17.1 (VS2022)

END.
